<?xml version="1.0" encoding="UTF-8"?>
<!-- Generated by org.testng.reporters.JUnitReportReporter -->
<testsuite hostname="SIPL2016-03" failures="0" tests="1" name="com.his.test.UserLoginTest" time="14.896" errors="0" timestamp="2024-08-27T13:20:32 IST" skipped="0">
  <testcase classname="com.his.test.UserLoginTest" name="userlogin" time="14.896"/>
</testsuite> <!-- com.his.test.UserLoginTest -->
