<?xml version="1.0" encoding="UTF-8"?>
<!-- Generated by org.testng.reporters.JUnitReportReporter -->
<testsuite hostname="SIPL2016-03" failures="0" tests="3" name="com.his.test.UserLoginTest" time="11.945" errors="0" timestamp="2024-08-30T16:42:33 IST" skipped="0">
  <testcase classname="com.his.test.UserLoginTest" name="TC3" time="11.194"/>
  <testcase classname="com.his.test.UserLoginTest" name="TC3" time="0.388"/>
  <testcase classname="com.his.test.UserLoginTest" name="TC3" time="0.363"/>
</testsuite> <!-- com.his.test.UserLoginTest -->
